<?xml version="1.0" encoding="UTF-8"?>
<!-- Generated by org.testng.reporters.JUnitReportReporter -->
<testsuite skipped="1" hostname="DESKTOP-KKNTION" name="jameel.banKChalo.tests.MyFirstTest" tests="2" failures="0" timestamp="09 Nov 2018 12:46:35 GMT" time="15.767" errors="0">
  <testcase name="loginWithValidCredentialsViral" time="15.767" classname="jameel.banKChalo.tests.MyFirstTest"/>
  <testcase name="loginWithValidCredentials" classname="jameel.banKChalo.tests.MyFirstTest">
    <skipped/>
  </testcase> <!-- loginWithValidCredentials -->
</testsuite> <!-- jameel.banKChalo.tests.MyFirstTest -->
