<?xml version="1.0" encoding="UTF-8"?>
<!-- Generated by org.testng.reporters.JUnitReportReporter -->
<testsuite skipped="1" hostname="DESKTOP-KKNTION" name="jameel.banKChalo.tests.MyFirstTest" tests="2" failures="0" timestamp="10 Nov 2018 11:56:15 GMT" time="8.435" errors="0">
  <testcase name="loginWithValidCredentialsViral" time="8.435" classname="jameel.banKChalo.tests.MyFirstTest"/>
  <testcase name="loginWithValidCredentials" classname="jameel.banKChalo.tests.MyFirstTest">
    <skipped/>
  </testcase> <!-- loginWithValidCredentials -->
</testsuite> <!-- jameel.banKChalo.tests.MyFirstTest -->
