<?xml version="1.0" encoding="UTF-8"?>
<!-- Generated by org.testng.reporters.JUnitReportReporter -->
<testsuite skipped="0" hostname="OMI" name="cetera.Automation.testUtils.DynamicRunner" tests="1" failures="0" timestamp="23 Nov 2018 17:21:05 GMT" time="49.869" errors="0">
  <testcase name="createTestRunner" time="49.869" classname="cetera.Automation.testUtils.DynamicRunner"/>
</testsuite> <!-- cetera.Automation.testUtils.DynamicRunner -->
