<?xml version="1.0" encoding="UTF-8"?>
<!-- Generated by org.testng.reporters.JUnitReportReporter -->
<testsuite skipped="0" hostname="OMI" name="jameel.banKChalo.testUtils.DynamicRunner" tests="1" failures="0" timestamp="02 Nov 2018 18:48:03 GMT" time="6.793" errors="0">
  <testcase name="createTestRunner" time="6.793" classname="jameel.banKChalo.testUtils.DynamicRunner"/>
</testsuite> <!-- jameel.banKChalo.testUtils.DynamicRunner -->
