<?xml version="1.0" encoding="UTF-8"?>
<!-- Generated by org.testng.reporters.JUnitReportReporter -->
<testsuite skipped="0" hostname="OMI" name="jameel.banKChalo.tests.MyFirstTest" tests="1" failures="0" timestamp="25 Oct 2018 16:57:05 GMT" time="22.941" errors="0">
  <testcase name="loginWithValidCredentialsViral" time="22.941" classname="jameel.banKChalo.tests.MyFirstTest"/>
</testsuite> <!-- jameel.banKChalo.tests.MyFirstTest -->
