<?xml version="1.0" encoding="UTF-8"?>
<!-- Generated by org.testng.reporters.JUnitReportReporter -->
<testsuite skipped="0" hostname="OMI" name="jameel.banKChalo.tests.MyFirstTest" tests="2" failures="0" timestamp="11 Nov 2018 11:57:23 GMT" time="28.708" errors="0">
  <testcase name="loginWithValidCredentials" time="13.956" classname="jameel.banKChalo.tests.MyFirstTest"/>
  <testcase name="loginWithValidCredentialsViral" time="14.752" classname="jameel.banKChalo.tests.MyFirstTest"/>
</testsuite> <!-- jameel.banKChalo.tests.MyFirstTest -->
