<?xml version="1.0" encoding="UTF-8"?>
<!-- Generated by org.testng.reporters.JUnitReportReporter -->
<testsuite skipped="0" hostname="OMI" name="jameel.banKChalo.tests.MyFirstTest" tests="1" failures="0" timestamp="20 Oct 2018 20:27:12 GMT" time="15.470" errors="0">
  <testcase name="loginWithValidCredentials" time="15.470" classname="jameel.banKChalo.tests.MyFirstTest"/>
</testsuite> <!-- jameel.banKChalo.tests.MyFirstTest -->
