<?xml version="1.0" encoding="UTF-8"?>
<!-- Generated by org.testng.reporters.JUnitReportReporter -->
<testsuite skipped="0" hostname="OMI" name="jameel.banKChalo.baseSetup.InitialTest" tests="2" failures="0" timestamp="17 Oct 2018 16:10:09 GMT" time="20.604" errors="0">
  <testcase name="test2" time="13.111" classname="jameel.banKChalo.baseSetup.InitialTest"/>
  <testcase name="test1" time="7.493" classname="jameel.banKChalo.baseSetup.InitialTest"/>
</testsuite> <!-- jameel.banKChalo.baseSetup.InitialTest -->
