<?xml version="1.0" encoding="UTF-8"?>
<!-- Generated by org.testng.reporters.JUnitReportReporter -->
<testsuite skipped="0" hostname="OMI" name="jameel.banKChalo.testUtils.DynamicRunner" tests="1" failures="0" timestamp="11 Nov 2018 15:00:05 GMT" time="34.921" errors="0">
  <testcase name="createTestRunner" time="34.921" classname="jameel.banKChalo.testUtils.DynamicRunner"/>
</testsuite> <!-- jameel.banKChalo.testUtils.DynamicRunner -->
