<?xml version="1.0" encoding="UTF-8"?>
<!-- Generated by org.testng.reporters.JUnitReportReporter -->
<testsuite skipped="0" hostname="OMI" name="jameel.banKChalo.testUtils.DynamicRunner" tests="1" failures="0" timestamp="14 Nov 2018 16:22:24 GMT" time="60.592" errors="0">
  <testcase name="createTestRunner" time="60.592" classname="jameel.banKChalo.testUtils.DynamicRunner"/>
</testsuite> <!-- jameel.banKChalo.testUtils.DynamicRunner -->
