<?xml version="1.0" encoding="UTF-8"?>
<!-- Generated by org.testng.reporters.JUnitReportReporter -->
<testsuite skipped="0" hostname="WKWIN9528828" name="cetera.Automation.testUtils.DynamicRunner" tests="1" failures="0" timestamp="20 Nov 2018 06:34:24 GMT" time="86.567" errors="0">
  <testcase name="createTestRunner" time="86.567" classname="cetera.Automation.testUtils.DynamicRunner"/>
</testsuite> <!-- cetera.Automation.testUtils.DynamicRunner -->
