<?xml version="1.0" encoding="UTF-8"?>
<!-- Generated by org.testng.reporters.JUnitReportReporter -->
<testsuite skipped="0" hostname="OMI" name="jameel.banKChalo.testUtils.DynamicRunner" tests="1" failures="0" timestamp="13 Nov 2018 17:06:53 GMT" time="21.882" errors="0">
  <testcase name="createTestRunner" time="21.882" classname="jameel.banKChalo.testUtils.DynamicRunner"/>
</testsuite> <!-- jameel.banKChalo.testUtils.DynamicRunner -->
