<?xml version="1.0" encoding="UTF-8"?>
<!-- Generated by org.testng.reporters.JUnitReportReporter -->
<testsuite skipped="0" hostname="OMI" name="jameel.banKChalo.baseSetup.InitialTest" tests="1" failures="0" timestamp="17 Oct 2018 14:17:00 GMT" time="7.320" errors="0">
  <testcase name="test1" time="7.320" classname="jameel.banKChalo.baseSetup.InitialTest"/>
</testsuite> <!-- jameel.banKChalo.baseSetup.InitialTest -->
