<?xml version="1.0" encoding="UTF-8"?>
<!-- Generated by org.testng.reporters.JUnitReportReporter -->
<testsuite skipped="0" hostname="OMI" name="jameel.banKChalo.tests.MyFirstTest" tests="2" failures="0" timestamp="13 Nov 2018 17:06:53 GMT" time="17.070" errors="0">
  <testcase name="loginWithValidCredentialsViral" time="8.653" classname="jameel.banKChalo.tests.MyFirstTest"/>
  <testcase name="loginWithValidCredentials" time="8.417" classname="jameel.banKChalo.tests.MyFirstTest"/>
</testsuite> <!-- jameel.banKChalo.tests.MyFirstTest -->
