<?xml version="1.0" encoding="UTF-8"?>
<!-- Generated by org.testng.reporters.JUnitReportReporter -->
<testsuite skipped="0" hostname="OMI" name="jameel.banKChalo.tests.MyFirstTest" tests="2" failures="0" timestamp="21 Oct 2018 13:10:48 GMT" time="38.072" errors="0">
  <testcase name="loginWithValidCredentials" time="16.287" classname="jameel.banKChalo.tests.MyFirstTest"/>
  <testcase name="loginWithValidCredentialsViral" time="21.785" classname="jameel.banKChalo.tests.MyFirstTest"/>
</testsuite> <!-- jameel.banKChalo.tests.MyFirstTest -->
