<?xml version="1.0" encoding="UTF-8"?>
<!-- Generated by org.testng.reporters.JUnitReportReporter -->
<testsuite skipped="0" hostname="OMI" name="jameel.banKChalo.tests.MyFirstTest" tests="2" failures="0" timestamp="26 Oct 2018 17:42:32 GMT" time="33.238" errors="0">
  <testcase name="loginWithValidCredentials" time="19.319" classname="jameel.banKChalo.tests.MyFirstTest"/>
  <testcase name="loginWithValidCredentialsViral" time="13.919" classname="jameel.banKChalo.tests.MyFirstTest"/>
</testsuite> <!-- jameel.banKChalo.tests.MyFirstTest -->
