<?xml version="1.0" encoding="UTF-8"?>
<!-- Generated by org.testng.reporters.JUnitReportReporter -->
<<<<<<< HEAD
<testsuite skipped="0" hostname="OMI" name="jameel.banKChalo.tests.MyFirstTest" tests="1" failures="0" timestamp="25 Oct 2018 16:57:05 GMT" time="22.941" errors="0">
  <testcase name="loginWithValidCredentialsViral" time="22.941" classname="jameel.banKChalo.tests.MyFirstTest"/>
=======
<testsuite skipped="1" hostname="DESKTOP-KKNTION" name="jameel.banKChalo.tests.MyFirstTest" tests="2" failures="0" timestamp="09 Nov 2018 12:46:35 GMT" time="15.767" errors="0">
  <testcase name="loginWithValidCredentialsViral" time="15.767" classname="jameel.banKChalo.tests.MyFirstTest"/>
  <testcase name="loginWithValidCredentials" classname="jameel.banKChalo.tests.MyFirstTest">
    <skipped/>
  </testcase> <!-- loginWithValidCredentials -->
>>>>>>> aacce95e35a04c3ad199dca562120bf77d35b678
</testsuite> <!-- jameel.banKChalo.tests.MyFirstTest -->
